Analysis & Synthesis report for psd-projects
Tue Oct 23 14:44:40 2018
Quartus II 64-Bit Version 14.1.0 Build 186 12/03/2014 SJ Web Edition


---------------------
; Table of Contents ;
---------------------
  1. Legal Notice
  2. Analysis & Synthesis Summary
  3. Analysis & Synthesis Settings
  4. Parallel Compilation
  5. Analysis & Synthesis Source Files Read
  6. Analysis & Synthesis Resource Usage Summary
  7. Analysis & Synthesis Resource Utilization by Entity
  8. Analysis & Synthesis RAM Summary
  9. Analysis & Synthesis IP Cores Summary
 10. General Register Statistics
 11. Multiplexer Restructuring Statistics (Restructuring Performed)
 12. Source assignments for rom:inst2|altsyncram:altsyncram_component|altsyncram_1u14:auto_generated
 13. Parameter Settings for User Entity Instance: clk_clr_debouncer:inst234|debouncer:inst1
 14. Parameter Settings for User Entity Instance: clk_clr_debouncer:inst234|debouncer:inst2
 15. Parameter Settings for User Entity Instance: rom:inst2|altsyncram:altsyncram_component
 16. altsyncram Parameter Settings by Entity Instance
 17. Post-Synthesis Netlist Statistics for Top Partition
 18. Elapsed Time Per Partition
 19. Analysis & Synthesis Messages



----------------
; Legal Notice ;
----------------
Copyright (C) 1991-2014 Altera Corporation. All rights reserved.
Your use of Altera Corporation's design tools, logic functions 
and other software and tools, and its AMPP partner logic 
functions, and any output files from any of the foregoing 
(including device programming or simulation files), and any 
associated documentation or information are expressly subject 
to the terms and conditions of the Altera Program License 
Subscription Agreement, the Altera Quartus II License Agreement,
the Altera MegaCore Function License Agreement, or other 
applicable license agreement, including, without limitation, 
that your use is for the sole purpose of programming logic 
devices manufactured by Altera and sold by Altera or its 
authorized distributors.  Please refer to the applicable 
agreement for further details.



+------------------------------------------------------------------------------+
; Analysis & Synthesis Summary                                                 ;
+---------------------------------+--------------------------------------------+
; Analysis & Synthesis Status     ; Successful - Tue Oct 23 14:44:40 2018      ;
; Quartus II 64-Bit Version       ; 14.1.0 Build 186 12/03/2014 SJ Web Edition ;
; Revision Name                   ; psd-projects                               ;
; Top-level Entity Name           ; cpu_f                                      ;
; Family                          ; Cyclone V                                  ;
; Logic utilization (in ALMs)     ; N/A                                        ;
; Total registers                 ; 52                                         ;
; Total pins                      ; 53                                         ;
; Total virtual pins              ; 0                                          ;
; Total block memory bits         ; 4,096                                      ;
; Total DSP Blocks                ; 0                                          ;
; Total HSSI RX PCSs              ; 0                                          ;
; Total HSSI PMA RX Deserializers ; 0                                          ;
; Total HSSI TX PCSs              ; 0                                          ;
; Total HSSI PMA TX Serializers   ; 0                                          ;
; Total PLLs                      ; 0                                          ;
; Total DLLs                      ; 0                                          ;
+---------------------------------+--------------------------------------------+


+---------------------------------------------------------------------------------------------------------------------------+
; Analysis & Synthesis Settings                                                                                             ;
+---------------------------------------------------------------------------------+--------------------+--------------------+
; Option                                                                          ; Setting            ; Default Value      ;
+---------------------------------------------------------------------------------+--------------------+--------------------+
; Device                                                                          ; 5CEBA4F23C7        ;                    ;
; Top-level entity name                                                           ; cpu_f              ; psd-projects       ;
; Family name                                                                     ; Cyclone V          ; Cyclone IV GX      ;
; Use smart compilation                                                           ; Off                ; Off                ;
; Enable parallel Assembler and TimeQuest Timing Analyzer during compilation      ; On                 ; On                 ;
; Enable compact report table                                                     ; Off                ; Off                ;
; Restructure Multiplexers                                                        ; Auto               ; Auto               ;
; MLAB Add Timing Constraints For Mixed-Port Feed-Through Mode Setting Don't Care ; Off                ; Off                ;
; Create Debugging Nodes for IP Cores                                             ; Off                ; Off                ;
; Preserve fewer node names                                                       ; On                 ; On                 ;
; Disable OpenCore Plus hardware evaluation                                       ; Off                ; Off                ;
; Verilog Version                                                                 ; Verilog_2001       ; Verilog_2001       ;
; VHDL Version                                                                    ; VHDL_1993          ; VHDL_1993          ;
; State Machine Processing                                                        ; Auto               ; Auto               ;
; Safe State Machine                                                              ; Off                ; Off                ;
; Extract Verilog State Machines                                                  ; On                 ; On                 ;
; Extract VHDL State Machines                                                     ; On                 ; On                 ;
; Ignore Verilog initial constructs                                               ; Off                ; Off                ;
; Iteration limit for constant Verilog loops                                      ; 5000               ; 5000               ;
; Iteration limit for non-constant Verilog loops                                  ; 250                ; 250                ;
; Add Pass-Through Logic to Inferred RAMs                                         ; On                 ; On                 ;
; Infer RAMs from Raw Logic                                                       ; On                 ; On                 ;
; Parallel Synthesis                                                              ; On                 ; On                 ;
; DSP Block Balancing                                                             ; Auto               ; Auto               ;
; NOT Gate Push-Back                                                              ; On                 ; On                 ;
; Power-Up Don't Care                                                             ; On                 ; On                 ;
; Remove Redundant Logic Cells                                                    ; Off                ; Off                ;
; Remove Duplicate Registers                                                      ; On                 ; On                 ;
; Ignore CARRY Buffers                                                            ; Off                ; Off                ;
; Ignore CASCADE Buffers                                                          ; Off                ; Off                ;
; Ignore GLOBAL Buffers                                                           ; Off                ; Off                ;
; Ignore ROW GLOBAL Buffers                                                       ; Off                ; Off                ;
; Ignore LCELL Buffers                                                            ; Off                ; Off                ;
; Ignore SOFT Buffers                                                             ; On                 ; On                 ;
; Limit AHDL Integers to 32 Bits                                                  ; Off                ; Off                ;
; Optimization Technique                                                          ; Balanced           ; Balanced           ;
; Carry Chain Length                                                              ; 70                 ; 70                 ;
; Auto Carry Chains                                                               ; On                 ; On                 ;
; Auto Open-Drain Pins                                                            ; On                 ; On                 ;
; Perform WYSIWYG Primitive Resynthesis                                           ; Off                ; Off                ;
; Auto ROM Replacement                                                            ; On                 ; On                 ;
; Auto RAM Replacement                                                            ; On                 ; On                 ;
; Auto DSP Block Replacement                                                      ; On                 ; On                 ;
; Auto Shift Register Replacement                                                 ; Auto               ; Auto               ;
; Allow Shift Register Merging across Hierarchies                                 ; Auto               ; Auto               ;
; Auto Clock Enable Replacement                                                   ; On                 ; On                 ;
; Strict RAM Replacement                                                          ; Off                ; Off                ;
; Allow Synchronous Control Signals                                               ; On                 ; On                 ;
; Force Use of Synchronous Clear Signals                                          ; Off                ; Off                ;
; Auto Resource Sharing                                                           ; Off                ; Off                ;
; Allow Any RAM Size For Recognition                                              ; Off                ; Off                ;
; Allow Any ROM Size For Recognition                                              ; Off                ; Off                ;
; Allow Any Shift Register Size For Recognition                                   ; Off                ; Off                ;
; Use LogicLock Constraints during Resource Balancing                             ; On                 ; On                 ;
; Ignore translate_off and synthesis_off directives                               ; Off                ; Off                ;
; Timing-Driven Synthesis                                                         ; On                 ; On                 ;
; Report Parameter Settings                                                       ; On                 ; On                 ;
; Report Source Assignments                                                       ; On                 ; On                 ;
; Report Connectivity Checks                                                      ; On                 ; On                 ;
; Ignore Maximum Fan-Out Assignments                                              ; Off                ; Off                ;
; Synchronization Register Chain Length                                           ; 3                  ; 3                  ;
; PowerPlay Power Optimization During Synthesis                                   ; Normal compilation ; Normal compilation ;
; HDL message level                                                               ; Level2             ; Level2             ;
; Suppress Register Optimization Related Messages                                 ; Off                ; Off                ;
; Number of Removed Registers Reported in Synthesis Report                        ; 5000               ; 5000               ;
; Number of Swept Nodes Reported in Synthesis Report                              ; 5000               ; 5000               ;
; Number of Inverted Registers Reported in Synthesis Report                       ; 100                ; 100                ;
; Clock MUX Protection                                                            ; On                 ; On                 ;
; Auto Gated Clock Conversion                                                     ; Off                ; Off                ;
; Block Design Naming                                                             ; Auto               ; Auto               ;
; SDC constraint protection                                                       ; Off                ; Off                ;
; Synthesis Effort                                                                ; Auto               ; Auto               ;
; Shift Register Replacement - Allow Asynchronous Clear Signal                    ; On                 ; On                 ;
; Pre-Mapping Resynthesis Optimization                                            ; Off                ; Off                ;
; Analysis & Synthesis Message Level                                              ; Medium             ; Medium             ;
; Disable Register Merging Across Hierarchies                                     ; Auto               ; Auto               ;
; Resource Aware Inference For Block RAM                                          ; On                 ; On                 ;
; Synthesis Seed                                                                  ; 1                  ; 1                  ;
; Automatic Parallel Synthesis                                                    ; On                 ; On                 ;
; Partial Reconfiguration Bitstream ID                                            ; Off                ; Off                ;
+---------------------------------------------------------------------------------+--------------------+--------------------+


+------------------------------------------+
; Parallel Compilation                     ;
+----------------------------+-------------+
; Processors                 ; Number      ;
+----------------------------+-------------+
; Number detected on machine ; 8           ;
; Maximum allowed            ; 4           ;
;                            ;             ;
; Average used               ; 1.00        ;
; Maximum used               ; 1           ;
;                            ;             ;
; Usage by Processor         ; % Time Used ;
;     Processor 1            ; 100.0%      ;
;     Processors 2-8         ;   0.0%      ;
+----------------------------+-------------+


+--------------------------------------------------------------------------------------------------------------------------------------------------------------------------------+
; Analysis & Synthesis Source Files Read                                                                                                                                         ;
+----------------------------------+-----------------+------------------------------------------+----------------------------------------------------------------------+---------+
; File Name with User-Entered Path ; Used in Netlist ; File Type                                ; File Name with Absolute Path                                         ; Library ;
+----------------------------------+-----------------+------------------------------------------+----------------------------------------------------------------------+---------+
; clk_clr_debouncer.bdf            ; yes             ; User Block Diagram/Schematic File        ; C:/Users/4482145/Downloads/CPU/clk_clr_debouncer.bdf                 ;         ;
; reverse_internal.bdf             ; yes             ; User Block Diagram/Schematic File        ; C:/Users/4482145/Downloads/CPU/reverse_internal.bdf                  ;         ;
; reverse_bus.bdf                  ; yes             ; User Block Diagram/Schematic File        ; C:/Users/4482145/Downloads/CPU/reverse_bus.bdf                       ;         ;
; ula.bdf                          ; yes             ; User Block Diagram/Schematic File        ; C:/Users/4482145/Downloads/CPU/ula.bdf                               ;         ;
; 4bits_to_7seg_low.bdf            ; yes             ; User Block Diagram/Schematic File        ; C:/Users/4482145/Downloads/CPU/4bits_to_7seg_low.bdf                 ;         ;
; 2bit_mux4.bdf                    ; yes             ; User Block Diagram/Schematic File        ; C:/Users/4482145/Downloads/CPU/2bit_mux4.bdf                         ;         ;
; debouncer.v                      ; yes             ; User Verilog HDL File                    ; C:/Users/4482145/Downloads/CPU/debouncer.v                           ;         ;
; parallel_register.bdf            ; yes             ; User Block Diagram/Schematic File        ; C:/Users/4482145/Downloads/CPU/parallel_register.bdf                 ;         ;
; data.mif                         ; yes             ; User Memory Initialization File          ; C:/Users/4482145/Downloads/CPU/data.mif                              ;         ;
; rom.vhd                          ; yes             ; User Wizard-Generated File               ; C:/Users/4482145/Downloads/CPU/rom.vhd                               ;         ;
; parallel_register_bus.bdf        ; yes             ; User Block Diagram/Schematic File        ; C:/Users/4482145/Downloads/CPU/parallel_register_bus.bdf             ;         ;
; rom_separator.bdf                ; yes             ; User Block Diagram/Schematic File        ; C:/Users/4482145/Downloads/CPU/rom_separator.bdf                     ;         ;
; clockjump.bdf                    ; yes             ; User Block Diagram/Schematic File        ; C:/Users/4482145/Downloads/CPU/clockjump.bdf                         ;         ;
; counter_jump_bus.bdf             ; yes             ; User Block Diagram/Schematic File        ; C:/Users/4482145/Downloads/CPU/counter_jump_bus.bdf                  ;         ;
; demux1x2.bdf                     ; yes             ; User Block Diagram/Schematic File        ; C:/Users/4482145/Downloads/CPU/demux1x2.bdf                          ;         ;
; demux4x8.bdf                     ; yes             ; User Block Diagram/Schematic File        ; C:/Users/4482145/Downloads/CPU/demux4x8.bdf                          ;         ;
; ula_bus.bdf                      ; yes             ; User Block Diagram/Schematic File        ; C:/Users/4482145/Downloads/CPU/ula_bus.bdf                           ;         ;
; cpu_f.bdf                        ; yes             ; User Block Diagram/Schematic File        ; C:/Users/4482145/Downloads/CPU/cpu_f.bdf                             ;         ;
; uc_f.bdf                         ; yes             ; User Block Diagram/Schematic File        ; C:/Users/4482145/Downloads/CPU/uc_f.bdf                              ;         ;
; multiplex.bdf                    ; yes             ; Auto-Found Block Diagram/Schematic File  ; C:/Users/4482145/Downloads/CPU/multiplex.bdf                         ;         ;
; somadorsub.bdf                   ; yes             ; Auto-Found Block Diagram/Schematic File  ; C:/Users/4482145/Downloads/CPU/somadorsub.bdf                        ;         ;
; display_7_completepuzzle.bdf     ; yes             ; Auto-Found Block Diagram/Schematic File  ; C:/Users/4482145/Downloads/CPU/display_7_completepuzzle.bdf          ;         ;
; somadorsub5bit.bdf               ; yes             ; Auto-Found Block Diagram/Schematic File  ; C:/Users/4482145/Downloads/CPU/somadorsub5bit.bdf                    ;         ;
; divisor4bits.bdf                 ; yes             ; Auto-Found Block Diagram/Schematic File  ; C:/Users/4482145/Downloads/CPU/divisor4bits.bdf                      ;         ;
; divisor_de_1_bit.bdf             ; yes             ; Auto-Found Block Diagram/Schematic File  ; C:/Users/4482145/Downloads/CPU/divisor_de_1_bit.bdf                  ;         ;
; subtrator.bdf                    ; yes             ; Auto-Found Block Diagram/Schematic File  ; C:/Users/4482145/Downloads/CPU/subtrator.bdf                         ;         ;
; multiplicador4bits.bdf           ; yes             ; Auto-Found Block Diagram/Schematic File  ; C:/Users/4482145/Downloads/CPU/multiplicador4bits.bdf                ;         ;
; unidade_multiplicadora.bdf       ; yes             ; Auto-Found Block Diagram/Schematic File  ; C:/Users/4482145/Downloads/CPU/unidade_multiplicadora.bdf            ;         ;
; altsyncram.tdf                   ; yes             ; Megafunction                             ; c:/altera/14.1/quartus/libraries/megafunctions/altsyncram.tdf        ;         ;
; stratix_ram_block.inc            ; yes             ; Megafunction                             ; c:/altera/14.1/quartus/libraries/megafunctions/stratix_ram_block.inc ;         ;
; lpm_mux.inc                      ; yes             ; Megafunction                             ; c:/altera/14.1/quartus/libraries/megafunctions/lpm_mux.inc           ;         ;
; lpm_decode.inc                   ; yes             ; Megafunction                             ; c:/altera/14.1/quartus/libraries/megafunctions/lpm_decode.inc        ;         ;
; aglobal141.inc                   ; yes             ; Megafunction                             ; c:/altera/14.1/quartus/libraries/megafunctions/aglobal141.inc        ;         ;
; a_rdenreg.inc                    ; yes             ; Megafunction                             ; c:/altera/14.1/quartus/libraries/megafunctions/a_rdenreg.inc         ;         ;
; altrom.inc                       ; yes             ; Megafunction                             ; c:/altera/14.1/quartus/libraries/megafunctions/altrom.inc            ;         ;
; altram.inc                       ; yes             ; Megafunction                             ; c:/altera/14.1/quartus/libraries/megafunctions/altram.inc            ;         ;
; altdpram.inc                     ; yes             ; Megafunction                             ; c:/altera/14.1/quartus/libraries/megafunctions/altdpram.inc          ;         ;
; db/altsyncram_1u14.tdf           ; yes             ; Auto-Generated Megafunction              ; C:/Users/4482145/Downloads/CPU/db/altsyncram_1u14.tdf                ;         ;
+----------------------------------+-----------------+------------------------------------------+----------------------------------------------------------------------+---------+


+--------------------------------------------------------------+
; Analysis & Synthesis Resource Usage Summary                  ;
+---------------------------------------------+----------------+
; Resource                                    ; Usage          ;
+---------------------------------------------+----------------+
; Estimate of Logic utilization (ALMs needed) ; 94             ;
;                                             ;                ;
; Combinational ALUT usage for logic          ; 170            ;
;     -- 7 input functions                    ; 0              ;
;     -- 6 input functions                    ; 16             ;
;     -- 5 input functions                    ; 13             ;
;     -- 4 input functions                    ; 71             ;
;     -- <=3 input functions                  ; 70             ;
;                                             ;                ;
; Dedicated logic registers                   ; 52             ;
;                                             ;                ;
; I/O pins                                    ; 53             ;
; Total MLAB memory bits                      ; 0              ;
; Total block memory bits                     ; 4096           ;
;                                             ;                ;
; Total DSP Blocks                            ; 0              ;
;                                             ;                ;
; Maximum fan-out node                        ; CLOCK_50~input ;
; Maximum fan-out                             ; 36             ;
; Total fan-out                               ; 1035           ;
; Average fan-out                             ; 3.01           ;
+---------------------------------------------+----------------+


+--------------------------------------------------------------------------------------------------------------------------------------------------------------------------------------------------------------------------------------------+
; Analysis & Synthesis Resource Utilization by Entity                                                                                                                                                                                        ;
+----------------------------------------------+-------------------+--------------+-------------------+------------+------+--------------+------------------------------------------------------------------------------------+--------------+
; Compilation Hierarchy Node                   ; LC Combinationals ; LC Registers ; Block Memory Bits ; DSP Blocks ; Pins ; Virtual Pins ; Full Hierarchy Name                                                                ; Library Name ;
+----------------------------------------------+-------------------+--------------+-------------------+------------+------+--------------+------------------------------------------------------------------------------------+--------------+
; |cpu_f                                       ; 170 (0)           ; 52 (0)       ; 4096              ; 0          ; 53   ; 0            ; |cpu_f                                                                             ; work         ;
;    |4bits_to_7seg_low:inst34|                ; 7 (7)             ; 0 (0)        ; 0                 ; 0          ; 0    ; 0            ; |cpu_f|4bits_to_7seg_low:inst34                                                    ; work         ;
;    |4bits_to_7seg_low:inst35|                ; 7 (7)             ; 0 (0)        ; 0                 ; 0          ; 0    ; 0            ; |cpu_f|4bits_to_7seg_low:inst35                                                    ; work         ;
;    |4bits_to_7seg_low:inst6|                 ; 7 (7)             ; 0 (0)        ; 0                 ; 0          ; 0    ; 0            ; |cpu_f|4bits_to_7seg_low:inst6                                                     ; work         ;
;    |4bits_to_7seg_low:inst7|                 ; 7 (7)             ; 0 (0)        ; 0                 ; 0          ; 0    ; 0            ; |cpu_f|4bits_to_7seg_low:inst7                                                     ; work         ;
;    |4bits_to_7seg_low:inst8|                 ; 7 (7)             ; 0 (0)        ; 0                 ; 0          ; 0    ; 0            ; |cpu_f|4bits_to_7seg_low:inst8                                                     ; work         ;
;    |4bits_to_7seg_low:inst9|                 ; 7 (7)             ; 0 (0)        ; 0                 ; 0          ; 0    ; 0            ; |cpu_f|4bits_to_7seg_low:inst9                                                     ; work         ;
;    |clk_clr_debouncer:inst234|               ; 44 (0)            ; 36 (0)       ; 0                 ; 0          ; 0    ; 0            ; |cpu_f|clk_clr_debouncer:inst234                                                   ; work         ;
;       |debouncer:inst1|                      ; 22 (22)           ; 18 (18)      ; 0                 ; 0          ; 0    ; 0            ; |cpu_f|clk_clr_debouncer:inst234|debouncer:inst1                                   ; work         ;
;       |debouncer:inst2|                      ; 22 (22)           ; 18 (18)      ; 0                 ; 0          ; 0    ; 0            ; |cpu_f|clk_clr_debouncer:inst234|debouncer:inst2                                   ; work         ;
;    |counter_jump_bus:inst11|                 ; 54 (0)            ; 8 (0)        ; 0                 ; 0          ; 0    ; 0            ; |cpu_f|counter_jump_bus:inst11                                                     ; work         ;
;       |clockjump:inst|                       ; 54 (54)           ; 8 (8)        ; 0                 ; 0          ; 0    ; 0            ; |cpu_f|counter_jump_bus:inst11|clockjump:inst                                      ; work         ;
;    |parallel_register_bus:inst3|             ; 1 (1)             ; 4 (0)        ; 0                 ; 0          ; 0    ; 0            ; |cpu_f|parallel_register_bus:inst3                                                 ; work         ;
;       |parallel_register:inst|               ; 0 (0)             ; 4 (4)        ; 0                 ; 0          ; 0    ; 0            ; |cpu_f|parallel_register_bus:inst3|parallel_register:inst                          ; work         ;
;    |parallel_register_bus:inst4|             ; 1 (1)             ; 4 (0)        ; 0                 ; 0          ; 0    ; 0            ; |cpu_f|parallel_register_bus:inst4                                                 ; work         ;
;       |parallel_register:inst|               ; 0 (0)             ; 4 (4)        ; 0                 ; 0          ; 0    ; 0            ; |cpu_f|parallel_register_bus:inst4|parallel_register:inst                          ; work         ;
;    |rom:inst2|                               ; 0 (0)             ; 0 (0)        ; 4096              ; 0          ; 0    ; 0            ; |cpu_f|rom:inst2                                                                   ; work         ;
;       |altsyncram:altsyncram_component|      ; 0 (0)             ; 0 (0)        ; 4096              ; 0          ; 0    ; 0            ; |cpu_f|rom:inst2|altsyncram:altsyncram_component                                   ; work         ;
;          |altsyncram_1u14:auto_generated|    ; 0 (0)             ; 0 (0)        ; 4096              ; 0          ; 0    ; 0            ; |cpu_f|rom:inst2|altsyncram:altsyncram_component|altsyncram_1u14:auto_generated    ; work         ;
;    |uc_f:inst|                               ; 10 (1)            ; 0 (0)        ; 0                 ; 0          ; 0    ; 0            ; |cpu_f|uc_f:inst                                                                   ; work         ;
;       |demux4x8:inst14|                      ; 9 (0)             ; 0 (0)        ; 0                 ; 0          ; 0    ; 0            ; |cpu_f|uc_f:inst|demux4x8:inst14                                                   ; work         ;
;          |demux1x2:inst1|                    ; 2 (2)             ; 0 (0)        ; 0                 ; 0          ; 0    ; 0            ; |cpu_f|uc_f:inst|demux4x8:inst14|demux1x2:inst1                                    ; work         ;
;          |demux1x2:inst2|                    ; 2 (2)             ; 0 (0)        ; 0                 ; 0          ; 0    ; 0            ; |cpu_f|uc_f:inst|demux4x8:inst14|demux1x2:inst2                                    ; work         ;
;          |demux1x2:inst3|                    ; 2 (2)             ; 0 (0)        ; 0                 ; 0          ; 0    ; 0            ; |cpu_f|uc_f:inst|demux4x8:inst14|demux1x2:inst3                                    ; work         ;
;          |demux1x2:inst|                     ; 3 (3)             ; 0 (0)        ; 0                 ; 0          ; 0    ; 0            ; |cpu_f|uc_f:inst|demux4x8:inst14|demux1x2:inst                                     ; work         ;
;    |ula_bus:inst1|                           ; 18 (0)            ; 0 (0)        ; 0                 ; 0          ; 0    ; 0            ; |cpu_f|ula_bus:inst1                                                               ; work         ;
;       |ula:inst|                             ; 18 (1)            ; 0 (0)        ; 0                 ; 0          ; 0    ; 0            ; |cpu_f|ula_bus:inst1|ula:inst                                                      ; work         ;
;          |Multiplex:B|                       ; 1 (1)             ; 0 (0)        ; 0                 ; 0          ; 0    ; 0            ; |cpu_f|ula_bus:inst1|ula:inst|Multiplex:B                                          ; work         ;
;          |Multiplex:D|                       ; 1 (1)             ; 0 (0)        ; 0                 ; 0          ; 0    ; 0            ; |cpu_f|ula_bus:inst1|ula:inst|Multiplex:D                                          ; work         ;
;          |somadorsub5bit:inst32|             ; 7 (2)             ; 0 (0)        ; 0                 ; 0          ; 0    ; 0            ; |cpu_f|ula_bus:inst1|ula:inst|somadorsub5bit:inst32                                ; work         ;
;             |Display_7_CompletePuzzle:inst2| ; 1 (1)             ; 0 (0)        ; 0                 ; 0          ; 0    ; 0            ; |cpu_f|ula_bus:inst1|ula:inst|somadorsub5bit:inst32|Display_7_CompletePuzzle:inst2 ; work         ;
;             |Display_7_CompletePuzzle:inst4| ; 3 (3)             ; 0 (0)        ; 0                 ; 0          ; 0    ; 0            ; |cpu_f|ula_bus:inst1|ula:inst|somadorsub5bit:inst32|Display_7_CompletePuzzle:inst4 ; work         ;
;             |Display_7_CompletePuzzle:inst|  ; 1 (1)             ; 0 (0)        ; 0                 ; 0          ; 0    ; 0            ; |cpu_f|ula_bus:inst1|ula:inst|somadorsub5bit:inst32|Display_7_CompletePuzzle:inst  ; work         ;
;          |somadorsub:inst34|                 ; 8 (3)             ; 0 (0)        ; 0                 ; 0          ; 0    ; 0            ; |cpu_f|ula_bus:inst1|ula:inst|somadorsub:inst34                                    ; work         ;
;             |Display_7_CompletePuzzle:inst1| ; 3 (3)             ; 0 (0)        ; 0                 ; 0          ; 0    ; 0            ; |cpu_f|ula_bus:inst1|ula:inst|somadorsub:inst34|Display_7_CompletePuzzle:inst1     ; work         ;
;             |Display_7_CompletePuzzle:inst4| ; 2 (2)             ; 0 (0)        ; 0                 ; 0          ; 0    ; 0            ; |cpu_f|ula_bus:inst1|ula:inst|somadorsub:inst34|Display_7_CompletePuzzle:inst4     ; work         ;
+----------------------------------------------+-------------------+--------------+-------------------+------------+------+--------------+------------------------------------------------------------------------------------+--------------+
Note: For table entries with two numbers listed, the numbers in parentheses indicate the number of resources of the given type used by the specific entity alone. The numbers listed outside of parentheses indicate the total resources of the given type used by the specific entity and all of its sub-entities in the hierarchy.


+---------------------------------------------------------------------------------------------------------------------------------------------------------------------------------+
; Analysis & Synthesis RAM Summary                                                                                                                                                ;
+-------------------------------------------------------------------------------------+------+------+--------------+--------------+--------------+--------------+------+----------+
; Name                                                                                ; Type ; Mode ; Port A Depth ; Port A Width ; Port B Depth ; Port B Width ; Size ; MIF      ;
+-------------------------------------------------------------------------------------+------+------+--------------+--------------+--------------+--------------+------+----------+
; rom:inst2|altsyncram:altsyncram_component|altsyncram_1u14:auto_generated|ALTSYNCRAM ; AUTO ; ROM  ; 256          ; 16           ; --           ; --           ; 4096 ; data.mif ;
+-------------------------------------------------------------------------------------+------+------+--------------+--------------+--------------+--------------+------+----------+


+----------------------------------------------------------------------------------------------------+
; Analysis & Synthesis IP Cores Summary                                                              ;
+--------+--------------+---------+--------------+--------------+------------------+-----------------+
; Vendor ; IP Core Name ; Version ; Release Date ; License Type ; Entity Instance  ; IP Include File ;
+--------+--------------+---------+--------------+--------------+------------------+-----------------+
; Altera ; ROM: 1-PORT  ; 14.1    ; N/A          ; N/A          ; |cpu_f|rom:inst2 ; rom.vhd         ;
+--------+--------------+---------+--------------+--------------+------------------+-----------------+


+------------------------------------------------------+
; General Register Statistics                          ;
+----------------------------------------------+-------+
; Statistic                                    ; Value ;
+----------------------------------------------+-------+
; Total registers                              ; 52    ;
; Number of registers using Synchronous Clear  ; 32    ;
; Number of registers using Synchronous Load   ; 0     ;
; Number of registers using Asynchronous Clear ; 16    ;
; Number of registers using Asynchronous Load  ; 0     ;
; Number of registers using Clock Enable       ; 32    ;
; Number of registers using Preset             ; 0     ;
+----------------------------------------------+-------+


+---------------------------------------------------------------------------------------------------------------------------------------------------------------------------+
; Multiplexer Restructuring Statistics (Restructuring Performed)                                                                                                            ;
+--------------------+-----------+---------------+----------------------+------------------------+------------+-------------------------------------------------------------+
; Multiplexer Inputs ; Bus Width ; Baseline Area ; Area if Restructured ; Saving if Restructured ; Registered ; Example Multiplexer Output                                  ;
+--------------------+-----------+---------------+----------------------+------------------------+------------+-------------------------------------------------------------+
; 3:1                ; 16 bits   ; 32 LEs        ; 0 LEs                ; 32 LEs                 ; Yes        ; |cpu_f|clk_clr_debouncer:inst234|debouncer:inst1|counter[0] ;
; 3:1                ; 16 bits   ; 32 LEs        ; 0 LEs                ; 32 LEs                 ; Yes        ; |cpu_f|clk_clr_debouncer:inst234|debouncer:inst2|counter[5] ;
+--------------------+-----------+---------------+----------------------+------------------------+------------+-------------------------------------------------------------+


+-------------------------------------------------------------------------------------------------+
; Source assignments for rom:inst2|altsyncram:altsyncram_component|altsyncram_1u14:auto_generated ;
+---------------------------------+--------------------+------+-----------------------------------+
; Assignment                      ; Value              ; From ; To                                ;
+---------------------------------+--------------------+------+-----------------------------------+
; OPTIMIZE_POWER_DURING_SYNTHESIS ; NORMAL_COMPILATION ; -    ; -                                 ;
+---------------------------------+--------------------+------+-----------------------------------+


+----------------------------------------------------------------------------------------+
; Parameter Settings for User Entity Instance: clk_clr_debouncer:inst234|debouncer:inst1 ;
+----------------+-------+---------------------------------------------------------------+
; Parameter Name ; Value ; Type                                                          ;
+----------------+-------+---------------------------------------------------------------+
; DELAY_BITS     ; 16    ; Signed Integer                                                ;
+----------------+-------+---------------------------------------------------------------+
Note: In order to hide this table in the UI and the text report file, please set the "Show Parameter Settings in Synthesis Report" option in "Analysis and Synthesis Settings -> More Settings" to "Off".


+----------------------------------------------------------------------------------------+
; Parameter Settings for User Entity Instance: clk_clr_debouncer:inst234|debouncer:inst2 ;
+----------------+-------+---------------------------------------------------------------+
; Parameter Name ; Value ; Type                                                          ;
+----------------+-------+---------------------------------------------------------------+
; DELAY_BITS     ; 16    ; Signed Integer                                                ;
+----------------+-------+---------------------------------------------------------------+
Note: In order to hide this table in the UI and the text report file, please set the "Show Parameter Settings in Synthesis Report" option in "Analysis and Synthesis Settings -> More Settings" to "Off".


+----------------------------------------------------------------------------------------+
; Parameter Settings for User Entity Instance: rom:inst2|altsyncram:altsyncram_component ;
+------------------------------------+----------------------+----------------------------+
; Parameter Name                     ; Value                ; Type                       ;
+------------------------------------+----------------------+----------------------------+
; BYTE_SIZE_BLOCK                    ; 8                    ; Untyped                    ;
; AUTO_CARRY_CHAINS                  ; ON                   ; AUTO_CARRY                 ;
; IGNORE_CARRY_BUFFERS               ; OFF                  ; IGNORE_CARRY               ;
; AUTO_CASCADE_CHAINS                ; ON                   ; AUTO_CASCADE               ;
; IGNORE_CASCADE_BUFFERS             ; OFF                  ; IGNORE_CASCADE             ;
; WIDTH_BYTEENA                      ; 1                    ; Untyped                    ;
; OPERATION_MODE                     ; ROM                  ; Untyped                    ;
; WIDTH_A                            ; 16                   ; Signed Integer             ;
; WIDTHAD_A                          ; 8                    ; Signed Integer             ;
; NUMWORDS_A                         ; 256                  ; Signed Integer             ;
; OUTDATA_REG_A                      ; UNREGISTERED         ; Untyped                    ;
; ADDRESS_ACLR_A                     ; NONE                 ; Untyped                    ;
; OUTDATA_ACLR_A                     ; NONE                 ; Untyped                    ;
; WRCONTROL_ACLR_A                   ; NONE                 ; Untyped                    ;
; INDATA_ACLR_A                      ; NONE                 ; Untyped                    ;
; BYTEENA_ACLR_A                     ; NONE                 ; Untyped                    ;
; WIDTH_B                            ; 1                    ; Signed Integer             ;
; WIDTHAD_B                          ; 1                    ; Signed Integer             ;
; NUMWORDS_B                         ; 0                    ; Signed Integer             ;
; INDATA_REG_B                       ; CLOCK1               ; Untyped                    ;
; WRCONTROL_WRADDRESS_REG_B          ; CLOCK1               ; Untyped                    ;
; RDCONTROL_REG_B                    ; CLOCK1               ; Untyped                    ;
; ADDRESS_REG_B                      ; CLOCK1               ; Untyped                    ;
; OUTDATA_REG_B                      ; UNREGISTERED         ; Untyped                    ;
; BYTEENA_REG_B                      ; CLOCK1               ; Untyped                    ;
; INDATA_ACLR_B                      ; NONE                 ; Untyped                    ;
; WRCONTROL_ACLR_B                   ; NONE                 ; Untyped                    ;
; ADDRESS_ACLR_B                     ; NONE                 ; Untyped                    ;
; OUTDATA_ACLR_B                     ; NONE                 ; Untyped                    ;
; RDCONTROL_ACLR_B                   ; NONE                 ; Untyped                    ;
; BYTEENA_ACLR_B                     ; NONE                 ; Untyped                    ;
; WIDTH_BYTEENA_A                    ; 1                    ; Signed Integer             ;
; WIDTH_BYTEENA_B                    ; 1                    ; Signed Integer             ;
; RAM_BLOCK_TYPE                     ; AUTO                 ; Untyped                    ;
; BYTE_SIZE                          ; 8                    ; Signed Integer             ;
; READ_DURING_WRITE_MODE_MIXED_PORTS ; DONT_CARE            ; Untyped                    ;
; READ_DURING_WRITE_MODE_PORT_A      ; NEW_DATA_NO_NBE_READ ; Untyped                    ;
; READ_DURING_WRITE_MODE_PORT_B      ; NEW_DATA_NO_NBE_READ ; Untyped                    ;
; INIT_FILE                          ; data.mif             ; Untyped                    ;
; INIT_FILE_LAYOUT                   ; PORT_A               ; Untyped                    ;
; MAXIMUM_DEPTH                      ; 0                    ; Signed Integer             ;
; CLOCK_ENABLE_INPUT_A               ; BYPASS               ; Untyped                    ;
; CLOCK_ENABLE_INPUT_B               ; NORMAL               ; Untyped                    ;
; CLOCK_ENABLE_OUTPUT_A              ; BYPASS               ; Untyped                    ;
; CLOCK_ENABLE_OUTPUT_B              ; NORMAL               ; Untyped                    ;
; CLOCK_ENABLE_CORE_A                ; USE_INPUT_CLKEN      ; Untyped                    ;
; CLOCK_ENABLE_CORE_B                ; USE_INPUT_CLKEN      ; Untyped                    ;
; ENABLE_ECC                         ; FALSE                ; Untyped                    ;
; ECC_PIPELINE_STAGE_ENABLED         ; FALSE                ; Untyped                    ;
; WIDTH_ECCSTATUS                    ; 3                    ; Signed Integer             ;
; DEVICE_FAMILY                      ; Cyclone V            ; Untyped                    ;
; CBXI_PARAMETER                     ; altsyncram_1u14      ; Untyped                    ;
+------------------------------------+----------------------+----------------------------+
Note: In order to hide this table in the UI and the text report file, please set the "Show Parameter Settings in Synthesis Report" option in "Analysis and Synthesis Settings -> More Settings" to "Off".


+---------------------------------------------------------------------------------------+
; altsyncram Parameter Settings by Entity Instance                                      ;
+-------------------------------------------+-------------------------------------------+
; Name                                      ; Value                                     ;
+-------------------------------------------+-------------------------------------------+
; Number of entity instances                ; 1                                         ;
; Entity Instance                           ; rom:inst2|altsyncram:altsyncram_component ;
;     -- OPERATION_MODE                     ; ROM                                       ;
;     -- WIDTH_A                            ; 16                                        ;
;     -- NUMWORDS_A                         ; 256                                       ;
;     -- OUTDATA_REG_A                      ; UNREGISTERED                              ;
;     -- WIDTH_B                            ; 1                                         ;
;     -- NUMWORDS_B                         ; 0                                         ;
;     -- ADDRESS_REG_B                      ; CLOCK1                                    ;
;     -- OUTDATA_REG_B                      ; UNREGISTERED                              ;
;     -- RAM_BLOCK_TYPE                     ; AUTO                                      ;
;     -- READ_DURING_WRITE_MODE_MIXED_PORTS ; DONT_CARE                                 ;
+-------------------------------------------+-------------------------------------------+


+-----------------------------------------------------+
; Post-Synthesis Netlist Statistics for Top Partition ;
+-----------------------+-----------------------------+
; Type                  ; Count                       ;
+-----------------------+-----------------------------+
; arriav_ff             ; 52                          ;
;     CLR               ; 16                          ;
;     ENA SCLR          ; 32                          ;
;     plain             ; 4                           ;
; arriav_lcell_comb     ; 212                         ;
;     arith             ; 32                          ;
;         1 data inputs ; 32                          ;
;     normal            ; 180                         ;
;         1 data inputs ; 42                          ;
;         2 data inputs ; 17                          ;
;         3 data inputs ; 21                          ;
;         4 data inputs ; 71                          ;
;         5 data inputs ; 13                          ;
;         6 data inputs ; 16                          ;
; boundary_port         ; 53                          ;
; stratixv_ram_block    ; 16                          ;
;                       ;                             ;
; Max LUT depth         ; 4.00                        ;
; Average LUT depth     ; 2.51                        ;
+-----------------------+-----------------------------+


+-------------------------------+
; Elapsed Time Per Partition    ;
+----------------+--------------+
; Partition Name ; Elapsed Time ;
+----------------+--------------+
; Top            ; 00:00:00     ;
+----------------+--------------+


+-------------------------------+
; Analysis & Synthesis Messages ;
+-------------------------------+
Info: *******************************************************************
Info: Running Quartus II 64-Bit Analysis & Synthesis
    Info: Version 14.1.0 Build 186 12/03/2014 SJ Web Edition
    Info: Processing started: Tue Oct 23 14:44:28 2018
Info: Command: quartus_map --read_settings_files=on --write_settings_files=off psd-projects -c psd-projects
Info (11104): Parallel Compilation has detected 8 hyper-threaded processors. However, the extra hyper-threaded processors will not be used by default. Parallel Compilation will use 4 of the 4 physical processors detected instead.
Info (12021): Found 1 design units, including 1 entities, in source file 2bit_2sel_mux4.bdf
    Info (12023): Found entity 1: 2bit_2sel_mux4
Info (12021): Found 1 design units, including 1 entities, in source file clk_clr_debouncer.bdf
    Info (12023): Found entity 1: clk_clr_debouncer
Info (12021): Found 1 design units, including 1 entities, in source file reverse_internal.bdf
    Info (12023): Found entity 1: reverse_internal
Info (12021): Found 1 design units, including 1 entities, in source file reverse_bus.bdf
    Info (12023): Found entity 1: reverse_bus
Info (12021): Found 1 design units, including 1 entities, in source file jump8bit.bdf
    Info (12023): Found entity 1: jump8bit
Info (12021): Found 1 design units, including 1 entities, in source file jump.bdf
    Info (12023): Found entity 1: jump
Info (12021): Found 1 design units, including 1 entities, in source file unit_mult.bdf
    Info (12023): Found entity 1: unit_mult
Info (12021): Found 1 design units, including 1 entities, in source file ula.bdf
    Info (12023): Found entity 1: ula
Info (12021): Found 1 design units, including 1 entities, in source file somador.bdf
    Info (12023): Found entity 1: somador
Info (12021): Found 1 design units, including 1 entities, in source file somadder.bdf
    Info (12023): Found entity 1: somadder
Info (12021): Found 1 design units, including 1 entities, in source file not5.bdf
    Info (12023): Found entity 1: not5
Info (12021): Found 1 design units, including 1 entities, in source file main.bdf
    Info (12023): Found entity 1: main
Info (12021): Found 1 design units, including 1 entities, in source file full_add.bdf
    Info (12023): Found entity 1: full_add
Info (12021): Found 1 design units, including 1 entities, in source file adder.bdf
    Info (12023): Found entity 1: adder
Info (12021): Found 1 design units, including 1 entities, in source file 8bit_sqrt.bdf
    Info (12023): Found entity 1: 8bit_sqrt
Info (12021): Found 1 design units, including 1 entities, in source file 5bit_mut.bdf
    Info (12023): Found entity 1: 5bit_mut
Info (12021): Found 1 design units, including 1 entities, in source file 5bit_divider.bdf
    Info (12023): Found entity 1: 5bit_divider
Info (12021): Found 1 design units, including 1 entities, in source file 4bits_to_7seg_low.bdf
    Info (12023): Found entity 1: 4bits_to_7seg_low
Info (12021): Found 1 design units, including 1 entities, in source file 4bit_mux5_.bdf
    Info (12023): Found entity 1: 4bit_mux5_
Info (12021): Found 1 design units, including 1 entities, in source file 4bit_mux5.bdf
    Info (12023): Found entity 1: 4bit_mux5
Info (12021): Found 1 design units, including 1 entities, in source file 4bit_mux.bdf
    Info (12023): Found entity 1: 4bit_mux
Info (12021): Found 1 design units, including 1 entities, in source file 4bit_mult.bdf
    Info (12023): Found entity 1: 4bit_mult
Info (12021): Found 1 design units, including 1 entities, in source file 4bit_div.bdf
    Info (12023): Found entity 1: 4bit_div
Info (12021): Found 1 design units, including 1 entities, in source file 2complement.bdf
    Info (12023): Found entity 1: 2complement
Info (12021): Found 1 design units, including 1 entities, in source file 2bit_mux4.bdf
    Info (12023): Found entity 1: 2bit_mux4
Info (12021): Found 1 design units, including 1 entities, in source file 1bit_sub.bdf
    Info (12023): Found entity 1: 1bit_sub
Info (12021): Found 1 design units, including 1 entities, in source file 1bit_div.bdf
    Info (12023): Found entity 1: 1bit_div
Info (12021): Found 1 design units, including 1 entities, in source file debouncer.v
    Info (12023): Found entity 1: debouncer
Info (12021): Found 1 design units, including 1 entities, in source file latch_d.bdf
    Info (12023): Found entity 1: latch_D
Info (12021): Found 1 design units, including 1 entities, in source file ff_d_ms.bdf
    Info (12023): Found entity 1: ff_D_MS
Info (12021): Found 1 design units, including 1 entities, in source file shift_register.bdf
    Info (12023): Found entity 1: shift_register
Info (12021): Found 1 design units, including 1 entities, in source file sync_counter.bdf
    Info (12023): Found entity 1: sync_counter
Info (12021): Found 1 design units, including 1 entities, in source file async_counter.bdf
    Info (12023): Found entity 1: async_counter
Info (12021): Found 1 design units, including 1 entities, in source file parallel_register.bdf
    Info (12023): Found entity 1: parallel_register
Info (12021): Found 1 design units, including 1 entities, in source file test_ula.bdf
    Info (12023): Found entity 1: test_ula
Info (12021): Found 2 design units, including 1 entities, in source file rom.vhd
    Info (12022): Found design unit 1: rom-SYN
    Info (12023): Found entity 1: rom
Info (12021): Found 1 design units, including 1 entities, in source file parallel_register_bus.bdf
    Info (12023): Found entity 1: parallel_register_bus
Info (12021): Found 1 design units, including 1 entities, in source file test_rom.bdf
    Info (12023): Found entity 1: test_rom
Info (12021): Found 1 design units, including 1 entities, in source file sync_counter_bus.bdf
    Info (12023): Found entity 1: sync_counter_bus
Info (12021): Found 1 design units, including 1 entities, in source file cpu.bdf
    Info (12023): Found entity 1: cpu
Info (12021): Found 1 design units, including 1 entities, in source file rom_separator.bdf
    Info (12023): Found entity 1: rom_separator
Info (12021): Found 1 design units, including 1 entities, in source file clockjump.bdf
    Info (12023): Found entity 1: clockjump
Info (12021): Found 1 design units, including 1 entities, in source file counter_jump_bus.bdf
    Info (12023): Found entity 1: counter_jump_bus
Info (12021): Found 1 design units, including 1 entities, in source file demux1x2.bdf
    Info (12023): Found entity 1: demux1x2
Info (12021): Found 1 design units, including 1 entities, in source file demux4x8.bdf
    Info (12023): Found entity 1: demux4x8
Info (12021): Found 1 design units, including 1 entities, in source file ula_bus.bdf
    Info (12023): Found entity 1: ula_bus
Info (12021): Found 1 design units, including 1 entities, in source file uc.bdf
    Info (12023): Found entity 1: UC
Info (12021): Found 1 design units, including 1 entities, in source file cpu_f.bdf
    Info (12023): Found entity 1: cpu_f
Info (12021): Found 1 design units, including 1 entities, in source file uc_f.bdf
    Info (12023): Found entity 1: uc_f
Info (12127): Elaborating entity "cpu_f" for the top level hierarchy
Info (12128): Elaborating entity "counter_jump_bus" for hierarchy "counter_jump_bus:inst11"
Info (12128): Elaborating entity "clockjump" for hierarchy "counter_jump_bus:inst11|clockjump:inst"
Info (12128): Elaborating entity "uc_f" for hierarchy "uc_f:inst"
Info (12128): Elaborating entity "rom_separator" for hierarchy "uc_f:inst|rom_separator:inst213"
Info (12128): Elaborating entity "demux4x8" for hierarchy "uc_f:inst|demux4x8:inst14"
Info (12128): Elaborating entity "demux1x2" for hierarchy "uc_f:inst|demux4x8:inst14|demux1x2:inst3"
Info (12128): Elaborating entity "reverse_bus" for hierarchy "uc_f:inst|reverse_bus:inst26"
Info (12128): Elaborating entity "reverse_internal" for hierarchy "uc_f:inst|reverse_bus:inst26|reverse_internal:inst"
Info (12128): Elaborating entity "2bit_mux4" for hierarchy "uc_f:inst|2bit_mux4:inst19"
Info (12128): Elaborating entity "clk_clr_debouncer" for hierarchy "clk_clr_debouncer:inst234"
Warning (275011): Block or symbol "VCC" of instance "inst" overlaps another block or symbol
Info (12128): Elaborating entity "debouncer" for hierarchy "clk_clr_debouncer:inst234|debouncer:inst1"
Warning (10230): Verilog HDL assignment warning at debouncer.v(71): truncated value with size 32 to match size of target (16)
Info (12128): Elaborating entity "parallel_register_bus" for hierarchy "parallel_register_bus:inst3"
Info (12128): Elaborating entity "parallel_register" for hierarchy "parallel_register_bus:inst3|parallel_register:inst"
Info (12128): Elaborating entity "ula_bus" for hierarchy "ula_bus:inst1"
Info (12128): Elaborating entity "ula" for hierarchy "ula_bus:inst1|ula:inst"
Warning (275011): Block or symbol "somadorsub" of instance "inst30" overlaps another block or symbol
Warning (12125): Using design file multiplex.bdf, which is not specified as a design file for the current project, but contains definitions for 1 design units and 1 entities in project
    Info (12023): Found entity 1: Multiplex
Info (12128): Elaborating entity "Multiplex" for hierarchy "ula_bus:inst1|ula:inst|Multiplex:A"
Warning (12125): Using design file somadorsub.bdf, which is not specified as a design file for the current project, but contains definitions for 1 design units and 1 entities in project
    Info (12023): Found entity 1: somadorsub
Info (12128): Elaborating entity "somadorsub" for hierarchy "ula_bus:inst1|ula:inst|somadorsub:inst34"
Warning (12125): Using design file display_7_completepuzzle.bdf, which is not specified as a design file for the current project, but contains definitions for 1 design units and 1 entities in project
    Info (12023): Found entity 1: Display_7_CompletePuzzle
Info (12128): Elaborating entity "Display_7_CompletePuzzle" for hierarchy "ula_bus:inst1|ula:inst|somadorsub:inst34|Display_7_CompletePuzzle:inst4"
Warning (12125): Using design file somadorsub5bit.bdf, which is not specified as a design file for the current project, but contains definitions for 1 design units and 1 entities in project
    Info (12023): Found entity 1: somadorsub5bit
Info (12128): Elaborating entity "somadorsub5bit" for hierarchy "ula_bus:inst1|ula:inst|somadorsub5bit:inst32"
Warning (12125): Using design file divisor4bits.bdf, which is not specified as a design file for the current project, but contains definitions for 1 design units and 1 entities in project
    Info (12023): Found entity 1: divisor4bits
Info (12128): Elaborating entity "divisor4bits" for hierarchy "ula_bus:inst1|ula:inst|divisor4bits:ham"
Warning (275008): Primitive "GND" of instance "inst36" not used
Warning (275008): Primitive "GND" of instance "inst37" not used
Warning (275008): Primitive "GND" of instance "inst38" not used
Warning (275008): Primitive "GND" of instance "inst39" not used
Warning (12125): Using design file divisor_de_1_bit.bdf, which is not specified as a design file for the current project, but contains definitions for 1 design units and 1 entities in project
    Info (12023): Found entity 1: divisor_de_1_bit
Info (12128): Elaborating entity "divisor_de_1_bit" for hierarchy "ula_bus:inst1|ula:inst|divisor4bits:ham|divisor_de_1_bit:inst16"
Warning (12125): Using design file subtrator.bdf, which is not specified as a design file for the current project, but contains definitions for 1 design units and 1 entities in project
    Info (12023): Found entity 1: subtrator
Info (12128): Elaborating entity "subtrator" for hierarchy "ula_bus:inst1|ula:inst|divisor4bits:ham|divisor_de_1_bit:inst16|subtrator:inst"
Warning (12125): Using design file multiplicador4bits.bdf, which is not specified as a design file for the current project, but contains definitions for 1 design units and 1 entities in project
    Info (12023): Found entity 1: multiplicador4bits
Info (12128): Elaborating entity "multiplicador4bits" for hierarchy "ula_bus:inst1|ula:inst|multiplicador4bits:acad"
Warning (12125): Using design file unidade_multiplicadora.bdf, which is not specified as a design file for the current project, but contains definitions for 1 design units and 1 entities in project
    Info (12023): Found entity 1: Unidade_multiplicadora
Info (12128): Elaborating entity "Unidade_multiplicadora" for hierarchy "ula_bus:inst1|ula:inst|multiplicador4bits:acad|Unidade_multiplicadora:inst14"
Info (12128): Elaborating entity "rom" for hierarchy "rom:inst2"
Info (12128): Elaborating entity "altsyncram" for hierarchy "rom:inst2|altsyncram:altsyncram_component"
Info (12130): Elaborated megafunction instantiation "rom:inst2|altsyncram:altsyncram_component"
Info (12133): Instantiated megafunction "rom:inst2|altsyncram:altsyncram_component" with the following parameter:
    Info (12134): Parameter "address_aclr_a" = "NONE"
    Info (12134): Parameter "address_aclr_b" = "NONE"
    Info (12134): Parameter "address_reg_b" = "CLOCK1"
    Info (12134): Parameter "byte_size" = "8"
    Info (12134): Parameter "byteena_aclr_a" = "UNUSED"
    Info (12134): Parameter "byteena_aclr_b" = "NONE"
    Info (12134): Parameter "byteena_reg_b" = "CLOCK1"
    Info (12134): Parameter "clock_enable_core_a" = "USE_INPUT_CLKEN"
    Info (12134): Parameter "clock_enable_core_b" = "USE_INPUT_CLKEN"
    Info (12134): Parameter "clock_enable_input_a" = "BYPASS"
    Info (12134): Parameter "clock_enable_input_b" = "NORMAL"
    Info (12134): Parameter "clock_enable_output_a" = "BYPASS"
    Info (12134): Parameter "clock_enable_output_b" = "NORMAL"
    Info (12134): Parameter "intended_device_family" = "Cyclone IV E"
    Info (12134): Parameter "ecc_pipeline_stage_enabled" = "FALSE"
    Info (12134): Parameter "enable_ecc" = "FALSE"
    Info (12134): Parameter "implement_in_les" = "OFF"
    Info (12134): Parameter "indata_aclr_a" = "UNUSED"
    Info (12134): Parameter "indata_aclr_b" = "NONE"
    Info (12134): Parameter "indata_reg_b" = "CLOCK1"
    Info (12134): Parameter "init_file" = "data.mif"
    Info (12134): Parameter "init_file_layout" = "PORT_A"
    Info (12134): Parameter "maximum_depth" = "0"
    Info (12134): Parameter "numwords_a" = "256"
    Info (12134): Parameter "numwords_b" = "0"
    Info (12134): Parameter "operation_mode" = "ROM"
    Info (12134): Parameter "outdata_aclr_a" = "NONE"
    Info (12134): Parameter "outdata_aclr_b" = "NONE"
    Info (12134): Parameter "outdata_reg_a" = "UNREGISTERED"
    Info (12134): Parameter "outdata_reg_b" = "UNREGISTERED"
    Info (12134): Parameter "power_up_uninitialized" = "FALSE"
    Info (12134): Parameter "ram_block_type" = "AUTO"
    Info (12134): Parameter "rdcontrol_aclr_b" = "NONE"
    Info (12134): Parameter "rdcontrol_reg_b" = "CLOCK1"
    Info (12134): Parameter "read_during_write_mode_mixed_ports" = "DONT_CARE"
    Info (12134): Parameter "read_during_write_mode_port_a" = "NEW_DATA_NO_NBE_READ"
    Info (12134): Parameter "read_during_write_mode_port_b" = "NEW_DATA_NO_NBE_READ"
    Info (12134): Parameter "stratixiv_m144k_allow_dual_clocks" = "ON"
    Info (12134): Parameter "width_a" = "16"
    Info (12134): Parameter "width_b" = "1"
    Info (12134): Parameter "width_byteena_a" = "1"
    Info (12134): Parameter "width_byteena_b" = "1"
    Info (12134): Parameter "width_eccstatus" = "3"
    Info (12134): Parameter "widthad_a" = "8"
    Info (12134): Parameter "widthad_b" = "1"
    Info (12134): Parameter "wrcontrol_aclr_a" = "UNUSED"
    Info (12134): Parameter "wrcontrol_aclr_b" = "NONE"
    Info (12134): Parameter "wrcontrol_wraddress_reg_b" = "CLOCK1"
    Info (12134): Parameter "lpm_hint" = "ENABLE_RUNTIME_MOD=NO"
    Info (12134): Parameter "lpm_type" = "altsyncram"
Info (12021): Found 1 design units, including 1 entities, in source file db/altsyncram_1u14.tdf
    Info (12023): Found entity 1: altsyncram_1u14
Info (12128): Elaborating entity "altsyncram_1u14" for hierarchy "rom:inst2|altsyncram:altsyncram_component|altsyncram_1u14:auto_generated"
Info (12128): Elaborating entity "4bits_to_7seg_low" for hierarchy "4bits_to_7seg_low:inst35"
Warning (13004): Presettable and clearable registers converted to equivalent circuits with latches. Registers power-up to an undefined state, and DEVCLRn places the registers in an undefined state.
    Warning (13310): Register "counter_jump_bus:inst11|clockjump:inst|inst15" is converted into an equivalent circuit using register "counter_jump_bus:inst11|clockjump:inst|inst15~_emulated" and latch "counter_jump_bus:inst11|clockjump:inst|inst15~1"
    Warning (13310): Register "counter_jump_bus:inst11|clockjump:inst|inst14" is converted into an equivalent circuit using register "counter_jump_bus:inst11|clockjump:inst|inst14~_emulated" and latch "counter_jump_bus:inst11|clockjump:inst|inst14~1"
    Warning (13310): Register "counter_jump_bus:inst11|clockjump:inst|inst13" is converted into an equivalent circuit using register "counter_jump_bus:inst11|clockjump:inst|inst13~_emulated" and latch "counter_jump_bus:inst11|clockjump:inst|inst13~1"
    Warning (13310): Register "counter_jump_bus:inst11|clockjump:inst|inst11" is converted into an equivalent circuit using register "counter_jump_bus:inst11|clockjump:inst|inst11~_emulated" and latch "counter_jump_bus:inst11|clockjump:inst|inst11~1"
    Warning (13310): Register "counter_jump_bus:inst11|clockjump:inst|inst4" is converted into an equivalent circuit using register "counter_jump_bus:inst11|clockjump:inst|inst4~_emulated" and latch "counter_jump_bus:inst11|clockjump:inst|inst4~1"
    Warning (13310): Register "counter_jump_bus:inst11|clockjump:inst|inst3" is converted into an equivalent circuit using register "counter_jump_bus:inst11|clockjump:inst|inst3~_emulated" and latch "counter_jump_bus:inst11|clockjump:inst|inst3~1"
    Warning (13310): Register "counter_jump_bus:inst11|clockjump:inst|inst2" is converted into an equivalent circuit using register "counter_jump_bus:inst11|clockjump:inst|inst2~_emulated" and latch "counter_jump_bus:inst11|clockjump:inst|inst2~1"
    Warning (13310): Register "counter_jump_bus:inst11|clockjump:inst|inst" is converted into an equivalent circuit using register "counter_jump_bus:inst11|clockjump:inst|inst~_emulated" and latch "counter_jump_bus:inst11|clockjump:inst|inst~1"
Info (286030): Timing-Driven Synthesis is running
Info (16010): Generating hard_block partition "hard_block:auto_generated_inst"
    Info (16011): Adding 0 node(s), including 0 DDIO, 0 PLL, 0 transceiver and 0 LCELL
Info (21057): Implemented 241 device resources after synthesis - the final resource count might be different
    Info (21058): Implemented 3 input pins
    Info (21059): Implemented 50 output pins
    Info (21061): Implemented 172 logic cells
    Info (21064): Implemented 16 RAM segments
Info: Quartus II 64-Bit Analysis & Synthesis was successful. 0 errors, 25 warnings
    Info: Peak virtual memory: 4884 megabytes
    Info: Processing ended: Tue Oct 23 14:44:40 2018
    Info: Elapsed time: 00:00:12
    Info: Total CPU time (on all processors): 00:00:22


